# JRE version: Java(TM) SE Runtime Environment (8.0_131-b11) (build 1.8.0_131-b11)
# Java VM: Java HotSpot(TM) 64-Bit Server VM (25.131-b11 mixed mode windows-amd64 compressed oops)
Heap:
 PSYoungGen      total 108544K, used 31445K [0x00000000e0000000, 0x00000000e7780000, 0x0000000100000000)
  eden space 96768K, 32% used [0x00000000e0000000,0x00000000e1eb57e0,0x00000000e5e80000)
  from space 11776K, 0% used [0x00000000e6b80000,0x00000000e6b80000,0x00000000e7700000)
  to   space 12800K, 0% used [0x00000000e5e80000,0x00000000e5e80000,0x00000000e6b00000)
 ParOldGen       total 178688K, used 33820K [0x00000000a0000000, 0x00000000aae80000, 0x00000000e0000000)
  object space 178688K, 18% used [0x00000000a0000000,0x00000000a2107178,0x00000000aae80000)
 Metaspace       used 59201K, capacity 61142K, committed 61400K, reserved 1101824K
  class space    used 8110K, capacity 8637K, committed 8704K, reserved 1048576K
GC Heap History (10 events):
Event: 6.515 GC heap before
{Heap before GC invocations=9 (full 2):
 PSYoungGen      total 108544K, used 96768K [0x00000000e0000000, 0x00000000e7780000, 0x0000000100000000)
  eden space 96768K, 100% used [0x00000000e0000000,0x00000000e5e80000,0x00000000e5e80000)
  from space 11776K, 0% used [0x00000000e6b80000,0x00000000e6b80000,0x00000000e7700000)
  to   space 12800K, 0% used [0x00000000e5e80000,0x00000000e5e80000,0x00000000e6b00000)
 ParOldGen       total 178688K, used 18300K [0x00000000a0000000, 0x00000000aae80000, 0x00000000e0000000)
  object space 178688K, 10% used [0x00000000a0000000,0x00000000a11df320,0x00000000aae80000)
 Metaspace       used 41123K, capacity 42114K, committed 42496K, reserved 1085440K
  class space    used 5722K, capacity 6054K, committed 6144K, reserved 1048576K
Event: 6.526 GC heap after
Heap after GC invocations=9 (full 2):
 PSYoungGen      total 109568K, used 10160K [0x00000000e0000000, 0x00000000e7780000, 0x0000000100000000)
  eden space 96768K, 0% used [0x00000000e0000000,0x00000000e0000000,0x00000000e5e80000)
  from space 12800K, 79% used [0x00000000e5e80000,0x00000000e686c2f8,0x00000000e6b00000)
  to   space 11776K, 0% used [0x00000000e6b80000,0x00000000e6b80000,0x00000000e7700000)
 ParOldGen       total 178688K, used 18308K [0x00000000a0000000, 0x00000000aae80000, 0x00000000e0000000)
  object space 178688K, 10% used [0x00000000a0000000,0x00000000a11e1320,0x00000000aae80000)
 Metaspace       used 41123K, capacity 42114K, committed 42496K, reserved 1085440K
  class space    used 5722K, capacity 6054K, committed 6144K, reserved 1048576K
}
Event: 7.569 GC heap before
{Heap before GC invocations=10 (full 2):
 PSYoungGen      total 109568K, used 106928K [0x00000000e0000000, 0x00000000e7780000, 0x0000000100000000)
  eden space 96768K, 100% used [0x00000000e0000000,0x00000000e5e80000,0x00000000e5e80000)
  from space 12800K, 79% used [0x00000000e5e80000,0x00000000e686c2f8,0x00000000e6b00000)
  to   space 11776K, 0% used [0x00000000e6b80000,0x00000000e6b80000,0x00000000e7700000)
 ParOldGen       total 178688K, used 18308K [0x00000000a0000000, 0x00000000aae80000, 0x00000000e0000000)
  object space 178688K, 10% used [0x00000000a0000000,0x00000000a11e1320,0x00000000aae80000)
 Metaspace       used 49286K, capacity 50414K, committed 50688K, reserved 1093632K
  class space    used 6783K, capacity 7153K, committed 7168K, reserved 1048576K
Event: 7.583 GC heap after
Heap after GC invocations=10 (full 2):
 PSYoungGen      total 108544K, used 11749K [0x00000000e0000000, 0x00000000e7780000, 0x0000000100000000)
  eden space 96768K, 0% used [0x00000000e0000000,0x00000000e0000000,0x00000000e5e80000)
  from space 11776K, 99% used [0x00000000e6b80000,0x00000000e76f94c8,0x00000000e7700000)
  to   space 12800K, 0% used [0x00000000e5e80000,0x00000000e5e80000,0x00000000e6b00000)
 ParOldGen       total 178688K, used 22824K [0x00000000a0000000, 0x00000000aae80000, 0x00000000e0000000)
  object space 178688K, 12% used [0x00000000a0000000,0x00000000a164a050,0x00000000aae80000)
 Metaspace       used 49286K, capacity 50414K, committed 50688K, reserved 1093632K
  class space    used 6783K, capacity 7153K, committed 7168K, reserved 1048576K
}
Event: 8.798 GC heap before
{Heap before GC invocations=11 (full 2):
 PSYoungGen      total 108544K, used 108517K [0x00000000e0000000, 0x00000000e7780000, 0x0000000100000000)
  eden space 96768K, 100% used [0x00000000e0000000,0x00000000e5e80000,0x00000000e5e80000)
  from space 11776K, 99% used [0x00000000e6b80000,0x00000000e76f94c8,0x00000000e7700000)
  to   space 12800K, 0% used [0x00000000e5e80000,0x00000000e5e80000,0x00000000e6b00000)
 ParOldGen       total 178688K, used 22824K [0x00000000a0000000, 0x00000000aae80000, 0x00000000e0000000)
  object space 178688K, 12% used [0x00000000a0000000,0x00000000a164a050,0x00000000aae80000)
 Metaspace       used 53612K, capacity 55288K, committed 55552K, reserved 1097728K
  class space    used 7392K, capacity 7860K, committed 7936K, reserved 1048576K
Event: 8.809 GC heap after
Heap after GC invocations=11 (full 2):
 PSYoungGen      total 109568K, used 12797K [0x00000000e0000000, 0x00000000e7780000, 0x0000000100000000)
  eden space 96768K, 0% used [0x00000000e0000000,0x00000000e0000000,0x00000000e5e80000)
  from space 12800K, 99% used [0x00000000e5e80000,0x00000000e6aff500,0x00000000e6b00000)
  to   space 11776K, 0% used [0x00000000e6b80000,0x00000000e6b80000,0x00000000e7700000)
 ParOldGen       total 178688K, used 27718K [0x00000000a0000000, 0x00000000aae80000, 0x00000000e0000000)
  object space 178688K, 15% used [0x00000000a0000000,0x00000000a1b11938,0x00000000aae80000)
 Metaspace       used 53612K, capacity 55288K, committed 55552K, reserved 1097728K
  class space    used 7392K, capacity 7860K, committed 7936K, reserved 1048576K
}
Event: 9.304 GC heap before
{Heap before GC invocations=12 (full 2):
 PSYoungGen      total 109568K, used 57122K [0x00000000e0000000, 0x00000000e7780000, 0x0000000100000000)
  eden space 96768K, 45% used [0x00000000e0000000,0x00000000e2b49538,0x00000000e5e80000)
  from space 12800K, 99% used [0x00000000e5e80000,0x00000000e6aff500,0x00000000e6b00000)
  to   space 11776K, 0% used [0x00000000e6b80000,0x00000000e6b80000,0x00000000e7700000)
 ParOldGen       total 178688K, used 27718K [0x00000000a0000000, 0x00000000aae80000, 0x00000000e0000000)
  object space 178688K, 15% used [0x00000000a0000000,0x00000000a1b11938,0x00000000aae80000)
 Metaspace       used 57202K, capacity 59014K, committed 59096K, reserved 1099776K
  class space    used 7907K, capacity 8403K, committed 8448K, reserved 1048576K
Event: 9.319 GC heap after
Heap after GC invocations=12 (full 2):
 PSYoungGen      total 108544K, used 11753K [0x00000000e0000000, 0x00000000e7780000, 0x0000000100000000)
  eden space 96768K, 0% used [0x00000000e0000000,0x00000000e0000000,0x00000000e5e80000)
  from space 11776K, 99% used [0x00000000e6b80000,0x00000000e76fa5b0,0x00000000e7700000)
  to   space 12800K, 0% used [0x00000000e5e80000,0x00000000e5e80000,0x00000000e6b00000)
 ParOldGen       total 178688K, used 34013K [0x00000000a0000000, 0x00000000aae80000, 0x00000000e0000000)
  object space 178688K, 19% used [0x00000000a0000000,0x00000000a21377f0,0x00000000aae80000)
 Metaspace       used 57202K, capacity 59014K, committed 59096K, reserved 1099776K
  class space    used 7907K, capacity 8403K, committed 8448K, reserved 1048576K
}
Event: 9.319 GC heap before
{Heap before GC invocations=13 (full 3):
 PSYoungGen      total 108544K, used 11753K [0x00000000e0000000, 0x00000000e7780000, 0x0000000100000000)
  eden space 96768K, 0% used [0x00000000e0000000,0x00000000e0000000,0x00000000e5e80000)
  from space 11776K, 99% used [0x00000000e6b80000,0x00000000e76fa5b0,0x00000000e7700000)
  to   space 12800K, 0% used [0x00000000e5e80000,0x00000000e5e80000,0x00000000e6b00000)
 ParOldGen       total 178688K, used 34013K [0x00000000a0000000, 0x00000000aae80000, 0x00000000e0000000)
  object space 178688K, 19% used [0x00000000a0000000,0x00000000a21377f0,0x00000000aae80000)
 Metaspace       used 57202K, capacity 59014K, committed 59096K, reserved 1099776K
  class space    used 7907K, capacity 8403K, committed 8448K, reserved 1048576K
Event: 9.513 GC heap after
Heap after GC invocations=13 (full 3):
 PSYoungGen      total 108544K, used 0K [0x00000000e0000000, 0x00000000e7780000, 0x0000000100000000)
  eden space 96768K, 0% used [0x00000000e0000000,0x00000000e0000000,0x00000000e5e80000)
  from space 11776K, 0% used [0x00000000e6b80000,0x00000000e6b80000,0x00000000e7700000)
  to   space 12800K, 0% used [0x00000000e5e80000,0x00000000e5e80000,0x00000000e6b00000)
 ParOldGen       total 178688K, used 33820K [0x00000000a0000000, 0x00000000aae80000, 0x00000000e0000000)
  object space 178688K, 18% used [0x00000000a0000000,0x00000000a2107178,0x00000000aae80000)
 Metaspace       used 57202K, capacity 59014K, committed 59096K, reserved 1099776K
  class space    used 7907K, capacity 8403K, committed 8448K, reserved 1048576K
}

