# JRE version: Java(TM) SE Runtime Environment (8.0_131-b11) (build 1.8.0_131-b11)
# Java VM: Java HotSpot(TM) 64-Bit Server VM (25.131-b11 mixed mode windows-amd64 compressed oops)
Heap:
 PSYoungGen      total 118784K, used 53516K [0x00000000e0000000, 0x00000000eb680000, 0x0000000100000000)
  eden space 105984K, 39% used [0x00000000e0000000,0x00000000e2883e38,0x00000000e6780000)
  from space 12800K, 93% used [0x00000000e6780000,0x00000000e733f1c8,0x00000000e7400000)
  to   space 13824K, 0% used [0x00000000ea900000,0x00000000ea900000,0x00000000eb680000)
 ParOldGen       total 158208K, used 18348K [0x00000000a0000000, 0x00000000a9a80000, 0x00000000e0000000)
  object space 158208K, 11% used [0x00000000a0000000,0x00000000a11eb018,0x00000000a9a80000)
 Metaspace       used 44259K, capacity 45396K, committed 45696K, reserved 1089536K
  class space    used 6112K, capacity 6456K, committed 6528K, reserved 1048576K
GC Heap History (10 events):
Event: 4.475 GC heap before
{Heap before GC invocations=5 (full 1):
 PSYoungGen      total 75776K, used 65024K [0x00000000e0000000, 0x00000000e5480000, 0x0000000100000000)
  eden space 65024K, 100% used [0x00000000e0000000,0x00000000e3f80000,0x00000000e3f80000)
  from space 10752K, 0% used [0x00000000e3f80000,0x00000000e3f80000,0x00000000e4a00000)
  to   space 10752K, 0% used [0x00000000e4a00000,0x00000000e4a00000,0x00000000e5480000)
 ParOldGen       total 103424K, used 9025K [0x00000000a0000000, 0x00000000a6500000, 0x00000000e0000000)
  object space 103424K, 8% used [0x00000000a0000000,0x00000000a08d0468,0x00000000a6500000)
 Metaspace       used 26331K, capacity 26776K, committed 27008K, reserved 1073152K
  class space    used 3753K, capacity 3889K, committed 3968K, reserved 1048576K
Event: 4.482 GC heap after
Heap after GC invocations=5 (full 1):
 PSYoungGen      total 75776K, used 6520K [0x00000000e0000000, 0x00000000e7800000, 0x0000000100000000)
  eden space 65024K, 0% used [0x00000000e0000000,0x00000000e0000000,0x00000000e3f80000)
  from space 10752K, 60% used [0x00000000e4a00000,0x00000000e505e398,0x00000000e5480000)
  to   space 10752K, 0% used [0x00000000e3f80000,0x00000000e3f80000,0x00000000e4a00000)
 ParOldGen       total 103424K, used 9033K [0x00000000a0000000, 0x00000000a6500000, 0x00000000e0000000)
  object space 103424K, 8% used [0x00000000a0000000,0x00000000a08d2468,0x00000000a6500000)
 Metaspace       used 26331K, capacity 26776K, committed 27008K, reserved 1073152K
  class space    used 3753K, capacity 3889K, committed 3968K, reserved 1048576K
}
Event: 5.568 GC heap before
{Heap before GC invocations=6 (full 1):
 PSYoungGen      total 75776K, used 71544K [0x00000000e0000000, 0x00000000e7800000, 0x0000000100000000)
  eden space 65024K, 100% used [0x00000000e0000000,0x00000000e3f80000,0x00000000e3f80000)
  from space 10752K, 60% used [0x00000000e4a00000,0x00000000e505e398,0x00000000e5480000)
  to   space 10752K, 0% used [0x00000000e3f80000,0x00000000e3f80000,0x00000000e4a00000)
 ParOldGen       total 103424K, used 9033K [0x00000000a0000000, 0x00000000a6500000, 0x00000000e0000000)
  object space 103424K, 8% used [0x00000000a0000000,0x00000000a08d2468,0x00000000a6500000)
 Metaspace       used 30362K, capacity 30940K, committed 31232K, reserved 1075200K
  class space    used 4338K, capacity 4549K, committed 4608K, reserved 1048576K
Event: 5.600 GC heap after
Heap after GC invocations=6 (full 1):
 PSYoungGen      total 75776K, used 9488K [0x00000000e0000000, 0x00000000e8000000, 0x0000000100000000)
  eden space 65024K, 0% used [0x00000000e0000000,0x00000000e0000000,0x00000000e3f80000)
  from space 10752K, 88% used [0x00000000e3f80000,0x00000000e48c4010,0x00000000e4a00000)
  to   space 11776K, 0% used [0x00000000e7480000,0x00000000e7480000,0x00000000e8000000)
 ParOldGen       total 103424K, used 9033K [0x00000000a0000000, 0x00000000a6500000, 0x00000000e0000000)
  object space 103424K, 8% used [0x00000000a0000000,0x00000000a08d2468,0x00000000a6500000)
 Metaspace       used 30362K, capacity 30940K, committed 31232K, reserved 1075200K
  class space    used 4338K, capacity 4549K, committed 4608K, reserved 1048576K
}
Event: 6.605 GC heap before
{Heap before GC invocations=7 (full 1):
 PSYoungGen      total 75776K, used 57954K [0x00000000e0000000, 0x00000000e8000000, 0x0000000100000000)
  eden space 65024K, 74% used [0x00000000e0000000,0x00000000e2f54b00,0x00000000e3f80000)
  from space 10752K, 88% used [0x00000000e3f80000,0x00000000e48c4010,0x00000000e4a00000)
  to   space 11776K, 0% used [0x00000000e7480000,0x00000000e7480000,0x00000000e8000000)
 ParOldGen       total 103424K, used 9033K [0x00000000a0000000, 0x00000000a6500000, 0x00000000e0000000)
  object space 103424K, 8% used [0x00000000a0000000,0x00000000a08d2468,0x00000000a6500000)
 Metaspace       used 34588K, capacity 35336K, committed 35456K, reserved 1079296K
  class space    used 4927K, capacity 5185K, committed 5248K, reserved 1048576K
Event: 6.613 GC heap after
Heap after GC invocations=7 (full 1):
 PSYoungGen      total 117760K, used 11685K [0x00000000e0000000, 0x00000000e8080000, 0x0000000100000000)
  eden space 105984K, 0% used [0x00000000e0000000,0x00000000e0000000,0x00000000e6780000)
  from space 11776K, 99% used [0x00000000e7480000,0x00000000e7fe95a8,0x00000000e8000000)
  to   space 12800K, 0% used [0x00000000e6780000,0x00000000e6780000,0x00000000e7400000)
 ParOldGen       total 103424K, used 9041K [0x00000000a0000000, 0x00000000a6500000, 0x00000000e0000000)
  object space 103424K, 8% used [0x00000000a0000000,0x00000000a08d4468,0x00000000a6500000)
 Metaspace       used 34588K, capacity 35336K, committed 35456K, reserved 1079296K
  class space    used 4927K, capacity 5185K, committed 5248K, reserved 1048576K
}
Event: 6.613 GC heap before
{Heap before GC invocations=8 (full 2):
 PSYoungGen      total 117760K, used 11685K [0x00000000e0000000, 0x00000000e8080000, 0x0000000100000000)
  eden space 105984K, 0% used [0x00000000e0000000,0x00000000e0000000,0x00000000e6780000)
  from space 11776K, 99% used [0x00000000e7480000,0x00000000e7fe95a8,0x00000000e8000000)
  to   space 12800K, 0% used [0x00000000e6780000,0x00000000e6780000,0x00000000e7400000)
 ParOldGen       total 103424K, used 9041K [0x00000000a0000000, 0x00000000a6500000, 0x00000000e0000000)
  object space 103424K, 8% used [0x00000000a0000000,0x00000000a08d4468,0x00000000a6500000)
 Metaspace       used 34588K, capacity 35336K, committed 35456K, reserved 1079296K
  class space    used 4927K, capacity 5185K, committed 5248K, reserved 1048576K
Event: 6.657 GC heap after
Heap after GC invocations=8 (full 2):
 PSYoungGen      total 117760K, used 0K [0x00000000e0000000, 0x00000000e8080000, 0x0000000100000000)
  eden space 105984K, 0% used [0x00000000e0000000,0x00000000e0000000,0x00000000e6780000)
  from space 11776K, 0% used [0x00000000e7480000,0x00000000e7480000,0x00000000e8000000)
  to   space 12800K, 0% used [0x00000000e6780000,0x00000000e6780000,0x00000000e7400000)
 ParOldGen       total 158208K, used 18340K [0x00000000a0000000, 0x00000000a9a80000, 0x00000000e0000000)
  object space 158208K, 11% used [0x00000000a0000000,0x00000000a11e9018,0x00000000a9a80000)
 Metaspace       used 34588K, capacity 35336K, committed 35456K, reserved 1079296K
  class space    used 4927K, capacity 5185K, committed 5248K, reserved 1048576K
}
Event: 7.678 GC heap before
{Heap before GC invocations=9 (full 2):
 PSYoungGen      total 117760K, used 105984K [0x00000000e0000000, 0x00000000e8080000, 0x0000000100000000)
  eden space 105984K, 100% used [0x00000000e0000000,0x00000000e6780000,0x00000000e6780000)
  from space 11776K, 0% used [0x00000000e7480000,0x00000000e7480000,0x00000000e8000000)
  to   space 12800K, 0% used [0x00000000e6780000,0x00000000e6780000,0x00000000e7400000)
 ParOldGen       total 158208K, used 18340K [0x00000000a0000000, 0x00000000a9a80000, 0x00000000e0000000)
  object space 158208K, 11% used [0x00000000a0000000,0x00000000a11e9018,0x00000000a9a80000)
 Metaspace       used 42101K, capacity 43094K, committed 43264K, reserved 1087488K
  class space    used 5784K, capacity 6120K, committed 6144K, reserved 1048576K
Event: 7.688 GC heap after
Heap after GC invocations=9 (full 2):
 PSYoungGen      total 118784K, used 12028K [0x00000000e0000000, 0x00000000eb680000, 0x0000000100000000)
  eden space 105984K, 0% used [0x00000000e0000000,0x00000000e0000000,0x00000000e6780000)
  from space 12800K, 93% used [0x00000000e6780000,0x00000000e733f1c8,0x00000000e7400000)
  to   space 13824K, 0% used [0x00000000ea900000,0x00000000ea900000,0x00000000eb680000)
 ParOldGen       total 158208K, used 18348K [0x00000000a0000000, 0x00000000a9a80000, 0x00000000e0000000)
  object space 158208K, 11% used [0x00000000a0000000,0x00000000a11eb018,0x00000000a9a80000)
 Metaspace       used 42101K, capacity 43094K, committed 43264K, reserved 1087488K
  class space    used 5784K, capacity 6120K, committed 6144K, reserved 1048576K
}

